<?xml version="1.0" encoding="UTF-8"?>
<!-- Generated by org.testng.reporters.JUnitReportReporter -->
<testsuite skipped="0" hostname="DESKTOP-JGEHULB" name="SampleAutomation.com.webapps.automate.Mayur_Assignment_02" tests="2" failures="0" timestamp="2020-06-22T17:49:13 IST" time="45.250" errors="0">
  <testcase name="testLanguageLogIn" time="27.885" classname="SampleAutomation.com.webapps.automate.Mayur_Assignment_02"/>
  <system-out/>
  <testcase name="testInvalidLogIn" time="17.365" classname="SampleAutomation.com.webapps.automate.Mayur_Assignment_02"/>
  <system-out/>
</testsuite> <!-- SampleAutomation.com.webapps.automate.Mayur_Assignment_02 -->
