<?xml version="1.0" encoding="UTF-8"?>
<!-- Generated by org.testng.reporters.JUnitReportReporter -->
<testsuite skipped="0" hostname="DESKTOP-JGEHULB" name="SampleAutomation.com.webapps.automate.Mayur_Assignment_01" tests="1" failures="0" timestamp="2020-06-22T17:49:13 IST" time="15.074" errors="0">
  <testcase name="demoQAtest" time="15.074" classname="SampleAutomation.com.webapps.automate.Mayur_Assignment_01"/>
  <system-out/>
</testsuite> <!-- SampleAutomation.com.webapps.automate.Mayur_Assignment_01 -->
