<?xml version="1.0" encoding="UTF-8"?>
<!-- Generated by org.testng.reporters.JUnitReportReporter -->
<testsuite skipped="0" hostname="DESKTOP-JGEHULB" name="SampleAutomation.com.webapps.automate.AssingnmentTwo" tests="1" failures="0" timestamp="2020-06-07T23:44:32 IST" time="23.371" errors="0">
  <testcase name="testLanguageLogIn" time="23.371" classname="SampleAutomation.com.webapps.automate.AssingnmentTwo"/>
  <system-out/>
</testsuite> <!-- SampleAutomation.com.webapps.automate.AssingnmentTwo -->
